<?xml version="1.0" encoding="UTF-8"?>
<!-- Generated by org.testng.reporters.JUnitXMLReporter -->
<testsuite ignored="0" hostname="HAIDAR" failures="0" tests="3" name="Sample Test 1" time="21.754" errors="0" timestamp="2024-08-13T23:14:12 PKT">
  <testcase classname="com.TestAutomationTalks.demoproject1.SampleTest" name="test1" time="1.86"/>
  <testcase classname="com.TestAutomationTalks.demoproject1.SampleTest" name="test2" time="2.49"/>
  <testcase classname="com.TestAutomationTalks.demoproject1.SampleTest" name="test3" time="6.741"/>
</testsuite> <!-- Sample Test 1 -->
