<?xml version="1.0" encoding="UTF-8"?>
<!-- Generated by org.testng.reporters.JUnitXMLReporter -->
<testsuite ignored="0" hostname="HAIDAR" failures="0" tests="3" name="Sample Test 1" time="19.703" errors="0" timestamp="2024-08-20T23:42:52 IST">
  <testcase classname="com.TestAutomationTalks.demoproject1.SampleTest" name="test1" time="1.378"/>
  <testcase classname="com.TestAutomationTalks.demoproject1.SampleTest" name="test2" time="3.867"/>
  <testcase classname="com.TestAutomationTalks.demoproject1.SampleTest" name="test3" time="0.732"/>
</testsuite> <!-- Sample Test 1 -->
