<?xml version="1.0" encoding="UTF-8"?>
<!-- Generated by org.testng.reporters.JUnitXMLReporter -->
<testsuite ignored="0" hostname="HAIDAR" failures="0" tests="3" name="Sample Test 2" time="15.127" errors="0" timestamp="2024-08-13T23:14:05 PKT">
  <testcase classname="com.TestAutomationTalks.demoproject1.SampleTest2" name="test1" time="2.437"/>
  <testcase classname="com.TestAutomationTalks.demoproject1.SampleTest2" name="test2" time="2.547"/>
  <testcase classname="com.TestAutomationTalks.demoproject1.SampleTest2" name="test3" time="0.828"/>
</testsuite> <!-- Sample Test 2 -->
