<?xml version="1.0" encoding="UTF-8"?>
<testng-results ignored="0" total="6" passed="6" failed="0" skipped="0">
  <reporter-output>
  </reporter-output>
  <suite started-at="2024-08-14T23:36:59 PKT" name="Parallel Test Suite" finished-at="2024-08-14T23:37:21 PKT" duration-ms="21850">
    <groups>
    </groups>
    <test started-at="2024-08-14T23:36:59 PKT" name="Sample Test 2" finished-at="2024-08-14T23:37:20 PKT" duration-ms="20466">
      <class name="com.TestAutomationTalks.demoproject1.SampleTest2">
        <test-method is-config="true" signature="setUp()[pri:0, instance:com.TestAutomationTalks.demoproject1.SampleTest2@2dc54ad4]" started-at="2024-08-14T23:36:59 PKT" name="setUp" finished-at="2024-08-14T23:37:03 PKT" duration-ms="3956" status="PASS">
          <reporter-output>
          </reporter-output>
        </test-method> <!-- setUp -->
        <test-method signature="test1()[pri:0, instance:com.TestAutomationTalks.demoproject1.SampleTest2@2dc54ad4]" started-at="2024-08-14T23:37:03 PKT" name="test1" finished-at="2024-08-14T23:37:06 PKT" duration-ms="3034" status="PASS">
          <reporter-output>
          </reporter-output>
        </test-method> <!-- test1 -->
        <test-method is-config="true" signature="tearDown()[pri:0, instance:com.TestAutomationTalks.demoproject1.SampleTest2@2dc54ad4]" started-at="2024-08-14T23:37:06 PKT" name="tearDown" finished-at="2024-08-14T23:37:06 PKT" duration-ms="147" status="PASS">
          <reporter-output>
          </reporter-output>
        </test-method> <!-- tearDown -->
        <test-method is-config="true" signature="setUp()[pri:0, instance:com.TestAutomationTalks.demoproject1.SampleTest2@2dc54ad4]" started-at="2024-08-14T23:37:06 PKT" name="setUp" finished-at="2024-08-14T23:37:10 PKT" duration-ms="3452" status="PASS">
          <reporter-output>
          </reporter-output>
        </test-method> <!-- setUp -->
        <test-method signature="test2()[pri:0, instance:com.TestAutomationTalks.demoproject1.SampleTest2@2dc54ad4]" started-at="2024-08-14T23:37:10 PKT" name="test2" finished-at="2024-08-14T23:37:15 PKT" duration-ms="4913" status="PASS">
          <reporter-output>
          </reporter-output>
        </test-method> <!-- test2 -->
        <test-method is-config="true" signature="tearDown()[pri:0, instance:com.TestAutomationTalks.demoproject1.SampleTest2@2dc54ad4]" started-at="2024-08-14T23:37:15 PKT" name="tearDown" finished-at="2024-08-14T23:37:15 PKT" duration-ms="439" status="PASS">
          <reporter-output>
          </reporter-output>
        </test-method> <!-- tearDown -->
        <test-method is-config="true" signature="setUp()[pri:0, instance:com.TestAutomationTalks.demoproject1.SampleTest2@2dc54ad4]" started-at="2024-08-14T23:37:15 PKT" name="setUp" finished-at="2024-08-14T23:37:18 PKT" duration-ms="3201" status="PASS">
          <reporter-output>
          </reporter-output>
        </test-method> <!-- setUp -->
        <test-method signature="test3()[pri:0, instance:com.TestAutomationTalks.demoproject1.SampleTest2@2dc54ad4]" started-at="2024-08-14T23:37:18 PKT" name="test3" finished-at="2024-08-14T23:37:20 PKT" duration-ms="1145" status="PASS">
          <reporter-output>
          </reporter-output>
        </test-method> <!-- test3 -->
        <test-method is-config="true" signature="tearDown()[pri:0, instance:com.TestAutomationTalks.demoproject1.SampleTest2@2dc54ad4]" started-at="2024-08-14T23:37:20 PKT" name="tearDown" finished-at="2024-08-14T23:37:20 PKT" duration-ms="128" status="PASS">
          <reporter-output>
          </reporter-output>
        </test-method> <!-- tearDown -->
      </class> <!-- com.TestAutomationTalks.demoproject1.SampleTest2 -->
    </test> <!-- Sample Test 2 -->
    <test started-at="2024-08-14T23:36:59 PKT" name="Sample Test 1" finished-at="2024-08-14T23:37:21 PKT" duration-ms="21850">
      <class name="com.TestAutomationTalks.demoproject1.SampleTest">
        <test-method is-config="true" signature="setUp()[pri:0, instance:com.TestAutomationTalks.demoproject1.SampleTest@57d7f8ca]" started-at="2024-08-14T23:36:59 PKT" name="setUp" finished-at="2024-08-14T23:37:03 PKT" duration-ms="3273" status="PASS">
          <reporter-output>
          </reporter-output>
        </test-method> <!-- setUp -->
        <test-method signature="test1()[pri:0, instance:com.TestAutomationTalks.demoproject1.SampleTest@57d7f8ca]" started-at="2024-08-14T23:37:03 PKT" name="test1" finished-at="2024-08-14T23:37:07 PKT" duration-ms="4318" status="PASS">
          <reporter-output>
          </reporter-output>
        </test-method> <!-- test1 -->
        <test-method is-config="true" signature="tearDown()[pri:0, instance:com.TestAutomationTalks.demoproject1.SampleTest@57d7f8ca]" started-at="2024-08-14T23:37:07 PKT" name="tearDown" finished-at="2024-08-14T23:37:07 PKT" duration-ms="194" status="PASS">
          <reporter-output>
          </reporter-output>
        </test-method> <!-- tearDown -->
        <test-method is-config="true" signature="setUp()[pri:0, instance:com.TestAutomationTalks.demoproject1.SampleTest@57d7f8ca]" started-at="2024-08-14T23:37:07 PKT" name="setUp" finished-at="2024-08-14T23:37:11 PKT" duration-ms="3847" status="PASS">
          <reporter-output>
          </reporter-output>
        </test-method> <!-- setUp -->
        <test-method signature="test2()[pri:0, instance:com.TestAutomationTalks.demoproject1.SampleTest@57d7f8ca]" started-at="2024-08-14T23:37:11 PKT" name="test2" finished-at="2024-08-14T23:37:16 PKT" duration-ms="5192" status="PASS">
          <reporter-output>
          </reporter-output>
        </test-method> <!-- test2 -->
        <test-method is-config="true" signature="tearDown()[pri:0, instance:com.TestAutomationTalks.demoproject1.SampleTest@57d7f8ca]" started-at="2024-08-14T23:37:16 PKT" name="tearDown" finished-at="2024-08-14T23:37:17 PKT" duration-ms="536" status="PASS">
          <reporter-output>
          </reporter-output>
        </test-method> <!-- tearDown -->
        <test-method is-config="true" signature="setUp()[pri:0, instance:com.TestAutomationTalks.demoproject1.SampleTest@57d7f8ca]" started-at="2024-08-14T23:37:17 PKT" name="setUp" finished-at="2024-08-14T23:37:20 PKT" duration-ms="3368" status="PASS">
          <reporter-output>
          </reporter-output>
        </test-method> <!-- setUp -->
        <test-method signature="test3()[pri:0, instance:com.TestAutomationTalks.demoproject1.SampleTest@57d7f8ca]" started-at="2024-08-14T23:37:20 PKT" name="test3" finished-at="2024-08-14T23:37:21 PKT" duration-ms="934" status="PASS">
          <reporter-output>
          </reporter-output>
        </test-method> <!-- test3 -->
        <test-method is-config="true" signature="tearDown()[pri:0, instance:com.TestAutomationTalks.demoproject1.SampleTest@57d7f8ca]" started-at="2024-08-14T23:37:21 PKT" name="tearDown" finished-at="2024-08-14T23:37:21 PKT" duration-ms="151" status="PASS">
          <reporter-output>
          </reporter-output>
        </test-method> <!-- tearDown -->
      </class> <!-- com.TestAutomationTalks.demoproject1.SampleTest -->
    </test> <!-- Sample Test 1 -->
  </suite> <!-- Parallel Test Suite -->
</testng-results>
