<?xml version="1.0" encoding="UTF-8"?>
<testsuite xmlns:xsi="http://www.w3.org/2001/XMLSchema-instance" xsi:noNamespaceSchemaLocation="https://maven.apache.org/surefire/maven-surefire-plugin/xsd/surefire-test-report.xsd" name="TestSuite" time="14.322" tests="6" errors="0" skipped="0" failures="0">
  <properties>
[...]
</properties>
  <testcase name="test1" classname="com.TestAutomationTalks.demoproject1.SampleTest2" time="0.386"/>
  <testcase name="test1" classname="com.TestAutomationTalks.demoproject1.SampleTest" time="1.458"/>
  <testcase name="test2" classname="com.TestAutomationTalks.demoproject1.SampleTest2" time="1.444"/>
  <testcase name="test2" classname="com.TestAutomationTalks.demoproject1.SampleTest" time="2.255"/>
  <testcase name="test3" classname="com.TestAutomationTalks.demoproject1.SampleTest2" time="0.075"/>
  <testcase name="test3" classname="com.TestAutomationTalks.demoproject1.SampleTest" time="0.71"/>
</testsuite>