<?xml version="1.0" encoding="UTF-8"?>
<!-- Generated by org.testng.reporters.JUnitXMLReporter -->
<testsuite ignored="0" hostname="HAIDAR" failures="0" tests="3" name="Sample Test 2" time="13.391" errors="0" timestamp="2024-08-13T23:18:31 PKT">
  <testcase classname="com.TestAutomationTalks.demoproject1.SampleTest2" name="test1" time="1.377"/>
  <testcase classname="com.TestAutomationTalks.demoproject1.SampleTest2" name="test2" time="2.58"/>
  <testcase classname="com.TestAutomationTalks.demoproject1.SampleTest2" name="test3" time="0.746"/>
</testsuite> <!-- Sample Test 2 -->
