<?xml version="1.0" encoding="UTF-8"?>
<!-- Generated by org.testng.reporters.JUnitXMLReporter -->
<testsuite ignored="0" hostname="HAIDAR" failures="0" tests="3" name="Sample Test 1" time="14.022" errors="0" timestamp="2024-08-13T23:18:31 PKT">
  <testcase classname="com.TestAutomationTalks.demoproject1.SampleTest" name="test1" time="1.459"/>
  <testcase classname="com.TestAutomationTalks.demoproject1.SampleTest" name="test2" time="2.255"/>
  <testcase classname="com.TestAutomationTalks.demoproject1.SampleTest" name="test3" time="0.71"/>
</testsuite> <!-- Sample Test 1 -->
