<?xml version="1.0" encoding="UTF-8"?>
<!-- Generated by org.testng.reporters.JUnitXMLReporter -->
<testsuite ignored="0" hostname="HAIDAR" failures="0" tests="3" name="Sample Test 1" time="21.85" errors="0" timestamp="2024-08-14T23:37:21 PKT">
  <testcase classname="com.TestAutomationTalks.demoproject1.SampleTest" name="test1" time="4.318"/>
  <testcase classname="com.TestAutomationTalks.demoproject1.SampleTest" name="test2" time="5.192"/>
  <testcase classname="com.TestAutomationTalks.demoproject1.SampleTest" name="test3" time="0.934"/>
</testsuite> <!-- Sample Test 1 -->
