<?xml version="1.0" encoding="UTF-8"?>
<!-- Generated by org.testng.reporters.JUnitXMLReporter -->
<testsuite ignored="0" hostname="HAIDAR" failures="0" tests="3" name="Sample Test 2" time="20.466" errors="0" timestamp="2024-08-14T23:37:20 PKT">
  <testcase classname="com.TestAutomationTalks.demoproject1.SampleTest2" name="test1" time="3.034"/>
  <testcase classname="com.TestAutomationTalks.demoproject1.SampleTest2" name="test2" time="4.913"/>
  <testcase classname="com.TestAutomationTalks.demoproject1.SampleTest2" name="test3" time="1.145"/>
</testsuite> <!-- Sample Test 2 -->
