<?xml version="1.0" encoding="UTF-8"?>
<testng-results ignored="0" total="6" passed="6" failed="0" skipped="0">
  <reporter-output>
  </reporter-output>
  <suite started-at="2024-08-13T23:13:50 PKT" name="Parallel Test Suite" finished-at="2024-08-13T23:14:12 PKT" duration-ms="21754">
    <groups>
    </groups>
    <test started-at="2024-08-13T23:13:50 PKT" name="Sample Test 2" finished-at="2024-08-13T23:14:05 PKT" duration-ms="15127">
      <class name="com.TestAutomationTalks.demoproject1.SampleTest2">
        <test-method is-config="true" signature="setUp()[pri:0, instance:com.TestAutomationTalks.demoproject1.SampleTest2@4d1bf319]" started-at="2024-08-13T23:13:50 PKT" name="setUp" finished-at="2024-08-13T23:13:54 PKT" duration-ms="3574" status="PASS">
          <reporter-output>
          </reporter-output>
        </test-method> <!-- setUp -->
        <test-method signature="test1()[pri:0, instance:com.TestAutomationTalks.demoproject1.SampleTest2@4d1bf319]" started-at="2024-08-13T23:13:54 PKT" name="test1" finished-at="2024-08-13T23:13:56 PKT" duration-ms="2437" status="PASS">
          <reporter-output>
          </reporter-output>
        </test-method> <!-- test1 -->
        <test-method is-config="true" signature="tearDown()[pri:0, instance:com.TestAutomationTalks.demoproject1.SampleTest2@4d1bf319]" started-at="2024-08-13T23:13:56 PKT" name="tearDown" finished-at="2024-08-13T23:13:56 PKT" duration-ms="104" status="PASS">
          <reporter-output>
          </reporter-output>
        </test-method> <!-- tearDown -->
        <test-method is-config="true" signature="setUp()[pri:0, instance:com.TestAutomationTalks.demoproject1.SampleTest2@4d1bf319]" started-at="2024-08-13T23:13:56 PKT" name="setUp" finished-at="2024-08-13T23:13:59 PKT" duration-ms="2524" status="PASS">
          <reporter-output>
          </reporter-output>
        </test-method> <!-- setUp -->
        <test-method signature="test2()[pri:0, instance:com.TestAutomationTalks.demoproject1.SampleTest2@4d1bf319]" started-at="2024-08-13T23:13:59 PKT" name="test2" finished-at="2024-08-13T23:14:01 PKT" duration-ms="2547" status="PASS">
          <reporter-output>
          </reporter-output>
        </test-method> <!-- test2 -->
        <test-method is-config="true" signature="tearDown()[pri:0, instance:com.TestAutomationTalks.demoproject1.SampleTest2@4d1bf319]" started-at="2024-08-13T23:14:01 PKT" name="tearDown" finished-at="2024-08-13T23:14:02 PKT" duration-ms="292" status="PASS">
          <reporter-output>
          </reporter-output>
        </test-method> <!-- tearDown -->
        <test-method is-config="true" signature="setUp()[pri:0, instance:com.TestAutomationTalks.demoproject1.SampleTest2@4d1bf319]" started-at="2024-08-13T23:14:02 PKT" name="setUp" finished-at="2024-08-13T23:14:04 PKT" duration-ms="2676" status="PASS">
          <reporter-output>
          </reporter-output>
        </test-method> <!-- setUp -->
        <test-method signature="test3()[pri:0, instance:com.TestAutomationTalks.demoproject1.SampleTest2@4d1bf319]" started-at="2024-08-13T23:14:04 PKT" name="test3" finished-at="2024-08-13T23:14:05 PKT" duration-ms="828" status="PASS">
          <reporter-output>
          </reporter-output>
        </test-method> <!-- test3 -->
        <test-method is-config="true" signature="tearDown()[pri:0, instance:com.TestAutomationTalks.demoproject1.SampleTest2@4d1bf319]" started-at="2024-08-13T23:14:05 PKT" name="tearDown" finished-at="2024-08-13T23:14:05 PKT" duration-ms="111" status="PASS">
          <reporter-output>
          </reporter-output>
        </test-method> <!-- tearDown -->
      </class> <!-- com.TestAutomationTalks.demoproject1.SampleTest2 -->
    </test> <!-- Sample Test 2 -->
    <test started-at="2024-08-13T23:13:50 PKT" name="Sample Test 1" finished-at="2024-08-13T23:14:12 PKT" duration-ms="21754">
      <class name="com.TestAutomationTalks.demoproject1.SampleTest">
        <test-method is-config="true" signature="setUp()[pri:0, instance:com.TestAutomationTalks.demoproject1.SampleTest@27406a17]" started-at="2024-08-13T23:13:50 PKT" name="setUp" finished-at="2024-08-13T23:13:55 PKT" duration-ms="4794" status="PASS">
          <reporter-output>
          </reporter-output>
        </test-method> <!-- setUp -->
        <test-method signature="test1()[pri:0, instance:com.TestAutomationTalks.demoproject1.SampleTest@27406a17]" started-at="2024-08-13T23:13:55 PKT" name="test1" finished-at="2024-08-13T23:13:57 PKT" duration-ms="1860" status="PASS">
          <reporter-output>
          </reporter-output>
        </test-method> <!-- test1 -->
        <test-method is-config="true" signature="tearDown()[pri:0, instance:com.TestAutomationTalks.demoproject1.SampleTest@27406a17]" started-at="2024-08-13T23:13:57 PKT" name="tearDown" finished-at="2024-08-13T23:13:57 PKT" duration-ms="118" status="PASS">
          <reporter-output>
          </reporter-output>
        </test-method> <!-- tearDown -->
        <test-method is-config="true" signature="setUp()[pri:0, instance:com.TestAutomationTalks.demoproject1.SampleTest@27406a17]" started-at="2024-08-13T23:13:57 PKT" name="setUp" finished-at="2024-08-13T23:14:00 PKT" duration-ms="2783" status="PASS">
          <reporter-output>
          </reporter-output>
        </test-method> <!-- setUp -->
        <test-method signature="test2()[pri:0, instance:com.TestAutomationTalks.demoproject1.SampleTest@27406a17]" started-at="2024-08-13T23:14:00 PKT" name="test2" finished-at="2024-08-13T23:14:02 PKT" duration-ms="2490" status="PASS">
          <reporter-output>
          </reporter-output>
        </test-method> <!-- test2 -->
        <test-method is-config="true" signature="tearDown()[pri:0, instance:com.TestAutomationTalks.demoproject1.SampleTest@27406a17]" started-at="2024-08-13T23:14:02 PKT" name="tearDown" finished-at="2024-08-13T23:14:03 PKT" duration-ms="270" status="PASS">
          <reporter-output>
          </reporter-output>
        </test-method> <!-- tearDown -->
        <test-method is-config="true" signature="setUp()[pri:0, instance:com.TestAutomationTalks.demoproject1.SampleTest@27406a17]" started-at="2024-08-13T23:14:03 PKT" name="setUp" finished-at="2024-08-13T23:14:05 PKT" duration-ms="2568" status="PASS">
          <reporter-output>
          </reporter-output>
        </test-method> <!-- setUp -->
        <test-method signature="test3()[pri:0, instance:com.TestAutomationTalks.demoproject1.SampleTest@27406a17]" started-at="2024-08-13T23:14:05 PKT" name="test3" finished-at="2024-08-13T23:14:12 PKT" duration-ms="6741" status="PASS">
          <reporter-output>
          </reporter-output>
        </test-method> <!-- test3 -->
        <test-method is-config="true" signature="tearDown()[pri:0, instance:com.TestAutomationTalks.demoproject1.SampleTest@27406a17]" started-at="2024-08-13T23:14:12 PKT" name="tearDown" finished-at="2024-08-13T23:14:12 PKT" duration-ms="102" status="PASS">
          <reporter-output>
          </reporter-output>
        </test-method> <!-- tearDown -->
      </class> <!-- com.TestAutomationTalks.demoproject1.SampleTest -->
    </test> <!-- Sample Test 1 -->
  </suite> <!-- Parallel Test Suite -->
</testng-results>
